2020-04-01 11:35:18.460 [TestNG-PoolService-0] INFO  com.frameworkium.bdd.TestRunner - START Navigate to JOIN and verify title is The Application Process - Apply Today
2020-04-01 11:35:18.461 [TestNG-PoolService-2] INFO  com.frameworkium.bdd.TestRunner - START Navigate to SERVICES and verify title is The Application Process - Apply Today
2020-04-01 11:35:18.460 [TestNG-PoolService-1] INFO  com.frameworkium.bdd.TestRunner - START Navigate to SERVICES and verify title is Software Testing Services
2020-04-01 11:35:18.626 [TestNG-PoolService-1] DEBUG com.frameworkium.core.ui.driver.AbstractDriver - Browser Capabilities: Capabilities {acceptInsecureCerts: true, browserName: firefox}
2020-04-01 11:35:18.626 [TestNG-PoolService-2] DEBUG com.frameworkium.core.ui.driver.AbstractDriver - Browser Capabilities: Capabilities {acceptInsecureCerts: true, browserName: firefox}
2020-04-01 11:35:18.626 [TestNG-PoolService-0] DEBUG com.frameworkium.core.ui.driver.AbstractDriver - Browser Capabilities: Capabilities {acceptInsecureCerts: true, browserName: firefox}
2020-04-01 11:35:42.623 [TestNG-PoolService-1] INFO  com.frameworkium.bdd.BDDScreenShotListener - Written screenshot to C:\Users\Rhonwen.Evans\MyProject\target\screenshots\1585737341806_Navigate to SERVICES and verify title is Software Testing Services.png
2020-04-01 11:35:42.686 [TestNG-PoolService-0] INFO  com.frameworkium.bdd.BDDScreenShotListener - Written screenshot to C:\Users\Rhonwen.Evans\MyProject\target\screenshots\1585737341807_Navigate to JOIN and verify title is The Application Process - Apply Today.png
2020-04-01 11:35:42.733 [TestNG-PoolService-2] INFO  com.frameworkium.bdd.BDDScreenShotListener - Written screenshot to C:\Users\Rhonwen.Evans\MyProject\target\screenshots\1585737341809_Navigate to SERVICES and verify title is The Application Process - Apply Today.png
2020-04-01 11:35:52.748 [TestNG-PoolService-2] WARN  com.frameworkium.bdd.TestRunner - SKIP  Navigate to SERVICES and verify title is The Application Process - Apply Today
2020-04-01 11:35:52.756 [TestNG-PoolService-2] INFO  com.frameworkium.bdd.TestRunner - START Navigate to SERVICES and verify title is The Application Process - Apply Today
2020-04-01 11:35:52.757 [TestNG-PoolService-2] DEBUG com.frameworkium.core.ui.driver.AbstractDriver - Browser Capabilities: Capabilities {acceptInsecureCerts: true, browserName: firefox}
2020-04-01 11:35:52.764 [TestNG-PoolService-0] WARN  com.frameworkium.bdd.TestRunner - SKIP  Navigate to JOIN and verify title is The Application Process - Apply Today
2020-04-01 11:35:52.792 [TestNG-PoolService-0] INFO  com.frameworkium.bdd.TestRunner - START Navigate to JOIN and verify title is The Application Process - Apply Today
2020-04-01 11:35:52.792 [TestNG-PoolService-0] DEBUG com.frameworkium.core.ui.driver.AbstractDriver - Browser Capabilities: Capabilities {acceptInsecureCerts: true, browserName: firefox}
2020-04-01 11:35:52.854 [TestNG-PoolService-1] WARN  com.frameworkium.bdd.TestRunner - SKIP  Navigate to SERVICES and verify title is Software Testing Services
2020-04-01 11:35:52.869 [TestNG-PoolService-1] INFO  com.frameworkium.bdd.TestRunner - START Navigate to SERVICES and verify title is Software Testing Services
2020-04-01 11:35:52.869 [TestNG-PoolService-1] DEBUG com.frameworkium.core.ui.driver.AbstractDriver - Browser Capabilities: Capabilities {acceptInsecureCerts: true, browserName: firefox}
2020-04-01 11:36:05.429 [TestNG-PoolService-0] INFO  com.frameworkium.bdd.BDDScreenShotListener - Written screenshot to C:\Users\Rhonwen.Evans\MyProject\target\screenshots\1585737365269_Navigate to JOIN and verify title is The Application Process - Apply Today.png
2020-04-01 11:36:09.236 [TestNG-PoolService-1] INFO  com.frameworkium.bdd.BDDScreenShotListener - Written screenshot to C:\Users\Rhonwen.Evans\MyProject\target\screenshots\1585737368959_Navigate to SERVICES and verify title is Software Testing Services.png
2020-04-01 11:36:11.164 [TestNG-PoolService-2] INFO  com.frameworkium.bdd.BDDScreenShotListener - Written screenshot to C:\Users\Rhonwen.Evans\MyProject\target\screenshots\1585737370633_Navigate to SERVICES and verify title is The Application Process - Apply Today.png
2020-04-01 11:36:15.925 [TestNG-PoolService-0] ERROR com.frameworkium.bdd.TestRunner - FAIL  Navigate to JOIN and verify title is The Application Process - Apply Today
2020-04-01 11:36:17.276 [TestNG-PoolService-2] ERROR com.frameworkium.bdd.TestRunner - FAIL  Navigate to SERVICES and verify title is The Application Process - Apply Today
2020-04-01 11:36:17.300 [TestNG-PoolService-1] ERROR com.frameworkium.bdd.TestRunner - FAIL  Navigate to SERVICES and verify title is Software Testing Services
2020-04-01 11:41:09.335 [TestNG-PoolService-1] INFO  com.frameworkium.bdd.TestRunner - START Navigate to SERVICES and verify title is Software Testing Services
2020-04-01 11:41:09.335 [TestNG-PoolService-0] INFO  com.frameworkium.bdd.TestRunner - START Navigate to JOIN and verify title is The Application Process - Apply Today
2020-04-01 11:41:09.335 [TestNG-PoolService-2] INFO  com.frameworkium.bdd.TestRunner - START Navigate to SERVICES and verify title is The Application Process - Apply Today
2020-04-01 11:41:09.484 [TestNG-PoolService-2] DEBUG com.frameworkium.core.ui.driver.AbstractDriver - Browser Capabilities: Capabilities {acceptInsecureCerts: true, browserName: firefox}
2020-04-01 11:41:09.484 [TestNG-PoolService-0] DEBUG com.frameworkium.core.ui.driver.AbstractDriver - Browser Capabilities: Capabilities {acceptInsecureCerts: true, browserName: firefox}
2020-04-01 11:41:09.484 [TestNG-PoolService-1] DEBUG com.frameworkium.core.ui.driver.AbstractDriver - Browser Capabilities: Capabilities {acceptInsecureCerts: true, browserName: firefox}
2020-04-01 11:41:23.182 [TestNG-PoolService-1] INFO  com.frameworkium.bdd.BDDScreenShotListener - Written screenshot to C:\Users\Rhonwen.Evans\MyProject\target\screenshots\1585737682820_Navigate to SERVICES and verify title is Software Testing Services.png
2020-04-01 11:41:24.234 [TestNG-PoolService-0] INFO  com.frameworkium.bdd.BDDScreenShotListener - Written screenshot to C:\Users\Rhonwen.Evans\MyProject\target\screenshots\1585737683839_Navigate to JOIN and verify title is The Application Process - Apply Today.png
2020-04-01 11:41:25.167 [TestNG-PoolService-2] INFO  com.frameworkium.bdd.BDDScreenShotListener - Written screenshot to C:\Users\Rhonwen.Evans\MyProject\target\screenshots\1585737685034_Navigate to SERVICES and verify title is The Application Process - Apply Today.png
2020-04-01 11:41:30.936 [TestNG-PoolService-0] WARN  com.frameworkium.bdd.TestRunner - SKIP  Navigate to JOIN and verify title is The Application Process - Apply Today
2020-04-01 11:41:30.943 [TestNG-PoolService-0] INFO  com.frameworkium.bdd.TestRunner - START Navigate to JOIN and verify title is The Application Process - Apply Today
2020-04-01 11:41:30.943 [TestNG-PoolService-0] DEBUG com.frameworkium.core.ui.driver.AbstractDriver - Browser Capabilities: Capabilities {acceptInsecureCerts: true, browserName: firefox}
2020-04-01 11:41:31.619 [TestNG-PoolService-2] WARN  com.frameworkium.bdd.TestRunner - SKIP  Navigate to SERVICES and verify title is The Application Process - Apply Today
2020-04-01 11:41:31.625 [TestNG-PoolService-2] INFO  com.frameworkium.bdd.TestRunner - START Navigate to SERVICES and verify title is The Application Process - Apply Today
2020-04-01 11:41:31.626 [TestNG-PoolService-2] DEBUG com.frameworkium.core.ui.driver.AbstractDriver - Browser Capabilities: Capabilities {acceptInsecureCerts: true, browserName: firefox}
2020-04-01 11:41:31.646 [TestNG-PoolService-1] WARN  com.frameworkium.bdd.TestRunner - SKIP  Navigate to SERVICES and verify title is Software Testing Services
2020-04-01 11:41:31.653 [TestNG-PoolService-1] INFO  com.frameworkium.bdd.TestRunner - START Navigate to SERVICES and verify title is Software Testing Services
2020-04-01 11:41:31.653 [TestNG-PoolService-1] DEBUG com.frameworkium.core.ui.driver.AbstractDriver - Browser Capabilities: Capabilities {acceptInsecureCerts: true, browserName: firefox}
2020-04-01 11:41:38.715 [TestNG-PoolService-0] INFO  com.frameworkium.bdd.BDDScreenShotListener - Written screenshot to C:\Users\Rhonwen.Evans\MyProject\target\screenshots\1585737698555_Navigate to JOIN and verify title is The Application Process - Apply Today.png
2020-04-01 11:41:43.912 [TestNG-PoolService-2] INFO  com.frameworkium.bdd.BDDScreenShotListener - Written screenshot to C:\Users\Rhonwen.Evans\MyProject\target\screenshots\1585737703489_Navigate to SERVICES and verify title is The Application Process - Apply Today.png
2020-04-01 11:41:44.936 [TestNG-PoolService-1] INFO  com.frameworkium.bdd.BDDScreenShotListener - Written screenshot to C:\Users\Rhonwen.Evans\MyProject\target\screenshots\1585737704654_Navigate to SERVICES and verify title is Software Testing Services.png
2020-04-01 11:41:50.473 [TestNG-PoolService-0] ERROR com.frameworkium.bdd.TestRunner - FAIL  Navigate to JOIN and verify title is The Application Process - Apply Today
2020-04-01 11:41:51.371 [TestNG-PoolService-2] ERROR com.frameworkium.bdd.TestRunner - FAIL  Navigate to SERVICES and verify title is The Application Process - Apply Today
2020-04-01 11:41:51.428 [TestNG-PoolService-1] ERROR com.frameworkium.bdd.TestRunner - FAIL  Navigate to SERVICES and verify title is Software Testing Services
2020-04-01 12:08:41.204 [TestNG-PoolService-1] INFO  com.frameworkium.bdd.TestRunner - START Navigate to SERVICES and verify title is Software Testing Services
2020-04-01 12:08:41.205 [TestNG-PoolService-2] INFO  com.frameworkium.bdd.TestRunner - START Navigate to SERVICES and verify title is The Application Process - Apply Today
2020-04-01 12:08:41.206 [TestNG-PoolService-0] INFO  com.frameworkium.bdd.TestRunner - START Navigate to JOIN and verify title is The Application Process - Apply Today
2020-04-01 12:08:41.414 [TestNG-PoolService-2] DEBUG com.frameworkium.core.ui.driver.AbstractDriver - Browser Capabilities: Capabilities {acceptInsecureCerts: true, browserName: firefox}
2020-04-01 12:08:41.415 [TestNG-PoolService-0] DEBUG com.frameworkium.core.ui.driver.AbstractDriver - Browser Capabilities: Capabilities {acceptInsecureCerts: true, browserName: firefox}
2020-04-01 12:08:41.421 [TestNG-PoolService-1] DEBUG com.frameworkium.core.ui.driver.AbstractDriver - Browser Capabilities: Capabilities {acceptInsecureCerts: true, browserName: firefox}
2020-04-01 12:40:20.297 [TestNG-PoolService-0] INFO  com.frameworkium.bdd.TestRunner - START Navigate to JOIN and verify title is The Application Process - Apply Today
2020-04-01 12:40:20.298 [TestNG-PoolService-1] INFO  com.frameworkium.bdd.TestRunner - START Navigate to SERVICES and verify title is Software Testing Services
2020-04-01 12:40:20.298 [TestNG-PoolService-2] INFO  com.frameworkium.bdd.TestRunner - START Navigate to SERVICES and verify title is The Application Process - Apply Today
2020-04-01 12:40:20.458 [TestNG-PoolService-0] DEBUG com.frameworkium.core.ui.driver.AbstractDriver - Browser Capabilities: Capabilities {acceptInsecureCerts: true, browserName: firefox}
2020-04-01 12:40:20.458 [TestNG-PoolService-1] DEBUG com.frameworkium.core.ui.driver.AbstractDriver - Browser Capabilities: Capabilities {acceptInsecureCerts: true, browserName: firefox}
2020-04-01 12:40:20.458 [TestNG-PoolService-2] DEBUG com.frameworkium.core.ui.driver.AbstractDriver - Browser Capabilities: Capabilities {acceptInsecureCerts: true, browserName: firefox}
2020-04-01 12:42:09.763 [TestNG-PoolService-2] INFO  com.frameworkium.bdd.TestRunner - START Navigate to SERVICES and verify title is The Application Process - Apply Today
2020-04-01 12:42:09.763 [TestNG-PoolService-1] INFO  com.frameworkium.bdd.TestRunner - START Navigate to SERVICES and verify title is Software Testing Services
2020-04-01 12:42:09.762 [TestNG-PoolService-0] INFO  com.frameworkium.bdd.TestRunner - START Navigate to JOIN and verify title is The Application Process - Apply Today
2020-04-01 12:42:09.915 [TestNG-PoolService-1] DEBUG com.frameworkium.core.ui.driver.AbstractDriver - Browser Capabilities: Capabilities {acceptInsecureCerts: true, browserName: firefox}
2020-04-01 12:42:09.916 [TestNG-PoolService-0] DEBUG com.frameworkium.core.ui.driver.AbstractDriver - Browser Capabilities: Capabilities {acceptInsecureCerts: true, browserName: firefox}
2020-04-01 12:42:09.915 [TestNG-PoolService-2] DEBUG com.frameworkium.core.ui.driver.AbstractDriver - Browser Capabilities: Capabilities {acceptInsecureCerts: true, browserName: firefox}
2020-04-01 12:59:36.384 [TestNG-PoolService-0] INFO  com.frameworkium.bdd.TestRunner - START Navigate to JOIN and verify title is The Application Process - Apply Today
2020-04-01 12:59:36.959 [TestNG-PoolService-0] DEBUG com.frameworkium.core.ui.driver.AbstractDriver - Browser Capabilities: Capabilities {browserName: chrome, chrome.prefs: {profile.password_manager_enabled: false}, chrome.switches: [--no-default-browser-check]}
2020-04-01 13:00:04.485 [TestNG-PoolService-0] INFO  com.frameworkium.bdd.BDDScreenShotListener - Written screenshot to C:\Users\Rhonwen.Evans\MyProject\target\screenshots\1585742404051_Navigate to JOIN and verify title is The Application Process - Apply Today.png
2020-04-01 13:00:05.636 [TestNG-PoolService-0] WARN  com.frameworkium.bdd.TestRunner - SKIP  Navigate to JOIN and verify title is The Application Process - Apply Today
2020-04-01 13:00:05.682 [TestNG-PoolService-0] INFO  com.frameworkium.bdd.TestRunner - START Navigate to JOIN and verify title is The Application Process - Apply Today
2020-04-01 13:00:05.687 [TestNG-PoolService-0] DEBUG com.frameworkium.core.ui.driver.AbstractDriver - Browser Capabilities: Capabilities {browserName: chrome, chrome.prefs: {profile.password_manager_enabled: false}, chrome.switches: [--no-default-browser-check]}
2020-04-01 13:00:13.572 [TestNG-PoolService-0] INFO  com.frameworkium.bdd.BDDScreenShotListener - Written screenshot to C:\Users\Rhonwen.Evans\MyProject\target\screenshots\1585742413248_Navigate to JOIN and verify title is The Application Process - Apply Today.png
2020-04-01 13:00:14.346 [TestNG-PoolService-0] ERROR com.frameworkium.bdd.TestRunner - FAIL  Navigate to JOIN and verify title is The Application Process - Apply Today
2020-04-01 13:00:14.349 [TestNG-PoolService-0] INFO  com.frameworkium.bdd.TestRunner - START Navigate to SERVICES and verify title is Software Testing Services
2020-04-01 13:00:14.349 [TestNG-PoolService-0] DEBUG com.frameworkium.core.ui.driver.AbstractDriver - Browser Capabilities: Capabilities {browserName: chrome, chrome.prefs: {profile.password_manager_enabled: false}, chrome.switches: [--no-default-browser-check]}
2020-04-01 13:00:20.268 [TestNG-PoolService-0] INFO  com.frameworkium.bdd.BDDScreenShotListener - Written screenshot to C:\Users\Rhonwen.Evans\MyProject\target\screenshots\1585742419945_Navigate to SERVICES and verify title is Software Testing Services.png
2020-04-01 13:00:20.961 [TestNG-PoolService-0] WARN  com.frameworkium.bdd.TestRunner - SKIP  Navigate to SERVICES and verify title is Software Testing Services
2020-04-01 13:00:20.970 [TestNG-PoolService-0] INFO  com.frameworkium.bdd.TestRunner - START Navigate to SERVICES and verify title is Software Testing Services
2020-04-01 13:00:20.971 [TestNG-PoolService-0] DEBUG com.frameworkium.core.ui.driver.AbstractDriver - Browser Capabilities: Capabilities {browserName: chrome, chrome.prefs: {profile.password_manager_enabled: false}, chrome.switches: [--no-default-browser-check]}
2020-04-01 13:00:26.848 [TestNG-PoolService-0] INFO  com.frameworkium.bdd.BDDScreenShotListener - Written screenshot to C:\Users\Rhonwen.Evans\MyProject\target\screenshots\1585742426550_Navigate to SERVICES and verify title is Software Testing Services.png
2020-04-01 13:00:27.618 [TestNG-PoolService-0] ERROR com.frameworkium.bdd.TestRunner - FAIL  Navigate to SERVICES and verify title is Software Testing Services
2020-04-01 13:00:27.638 [TestNG-PoolService-0] INFO  com.frameworkium.bdd.TestRunner - START Navigate to SERVICES and verify title is The Application Process - Apply Today
2020-04-01 13:00:27.639 [TestNG-PoolService-0] DEBUG com.frameworkium.core.ui.driver.AbstractDriver - Browser Capabilities: Capabilities {browserName: chrome, chrome.prefs: {profile.password_manager_enabled: false}, chrome.switches: [--no-default-browser-check]}
2020-04-01 13:00:33.700 [TestNG-PoolService-0] INFO  com.frameworkium.bdd.BDDScreenShotListener - Written screenshot to C:\Users\Rhonwen.Evans\MyProject\target\screenshots\1585742433395_Navigate to SERVICES and verify title is The Application Process - Apply Today.png
2020-04-01 13:00:34.481 [TestNG-PoolService-0] WARN  com.frameworkium.bdd.TestRunner - SKIP  Navigate to SERVICES and verify title is The Application Process - Apply Today
2020-04-01 13:00:34.487 [TestNG-PoolService-0] INFO  com.frameworkium.bdd.TestRunner - START Navigate to SERVICES and verify title is The Application Process - Apply Today
2020-04-01 13:00:34.487 [TestNG-PoolService-0] DEBUG com.frameworkium.core.ui.driver.AbstractDriver - Browser Capabilities: Capabilities {browserName: chrome, chrome.prefs: {profile.password_manager_enabled: false}, chrome.switches: [--no-default-browser-check]}
2020-04-01 13:00:40.524 [TestNG-PoolService-0] INFO  com.frameworkium.bdd.BDDScreenShotListener - Written screenshot to C:\Users\Rhonwen.Evans\MyProject\target\screenshots\1585742440138_Navigate to SERVICES and verify title is The Application Process - Apply Today.png
2020-04-01 13:00:41.337 [TestNG-PoolService-0] ERROR com.frameworkium.bdd.TestRunner - FAIL  Navigate to SERVICES and verify title is The Application Process - Apply Today
2020-04-01 13:52:02.106 [TestNG-PoolService-0] INFO  com.frameworkium.bdd.TestRunner - START Navigate to JOIN and verify title is The Application Process - Apply Today
2020-04-01 13:52:02.806 [TestNG-PoolService-0] DEBUG com.frameworkium.core.ui.driver.AbstractDriver - Browser Capabilities: Capabilities {browserName: chrome, chrome.prefs: {profile.password_manager_enabled: false}, chrome.switches: [--no-default-browser-check]}
2020-04-01 13:52:31.353 [TestNG-PoolService-0] DEBUG com.frameworkium.core.common.reporting.allure.AllureLogger - Logged to allure: Page 'com.ten10.example.pages.Homepage' successfully loaded
2020-04-01 13:52:35.907 [TestNG-PoolService-0] DEBUG com.frameworkium.core.common.reporting.allure.AllureLogger - Logged to allure: Page 'com.ten10.example.pages.Generic' successfully loaded
2020-04-01 13:52:36.866 [TestNG-PoolService-0] INFO  com.frameworkium.bdd.BDDScreenShotListener - Written screenshot to C:\Users\Rhonwen.Evans\MyProject\target\screenshots\1585745555940_Navigate to JOIN and verify title is The Application Process - Apply Today.png
2020-04-01 13:52:38.045 [TestNG-PoolService-0] WARN  com.frameworkium.bdd.TestRunner - SKIP  Navigate to JOIN and verify title is The Application Process - Apply Today
2020-04-01 13:52:38.056 [TestNG-PoolService-0] INFO  com.frameworkium.bdd.TestRunner - START Navigate to JOIN and verify title is The Application Process - Apply Today
2020-04-01 13:52:38.057 [TestNG-PoolService-0] DEBUG com.frameworkium.core.ui.driver.AbstractDriver - Browser Capabilities: Capabilities {browserName: chrome, chrome.prefs: {profile.password_manager_enabled: false}, chrome.switches: [--no-default-browser-check]}
2020-04-01 13:52:48.126 [TestNG-PoolService-0] DEBUG com.frameworkium.core.common.reporting.allure.AllureLogger - Logged to allure: Page 'com.ten10.example.pages.Homepage' successfully loaded
2020-04-01 13:52:50.558 [TestNG-PoolService-0] DEBUG com.frameworkium.core.common.reporting.allure.AllureLogger - Logged to allure: Page 'com.ten10.example.pages.Generic' successfully loaded
2020-04-01 13:52:51.286 [TestNG-PoolService-0] INFO  com.frameworkium.bdd.BDDScreenShotListener - Written screenshot to C:\Users\Rhonwen.Evans\MyProject\target\screenshots\1585745570573_Navigate to JOIN and verify title is The Application Process - Apply Today.png
2020-04-01 13:52:53.001 [TestNG-PoolService-0] ERROR com.frameworkium.bdd.TestRunner - FAIL  Navigate to JOIN and verify title is The Application Process - Apply Today
2020-04-01 13:52:53.016 [TestNG-PoolService-0] INFO  com.frameworkium.bdd.TestRunner - START Navigate to SERVICES and verify title is Software Testing Services
2020-04-01 13:52:53.017 [TestNG-PoolService-0] DEBUG com.frameworkium.core.ui.driver.AbstractDriver - Browser Capabilities: Capabilities {browserName: chrome, chrome.prefs: {profile.password_manager_enabled: false}, chrome.switches: [--no-default-browser-check]}
2020-04-01 13:53:02.899 [TestNG-PoolService-0] DEBUG com.frameworkium.core.common.reporting.allure.AllureLogger - Logged to allure: Page 'com.ten10.example.pages.Homepage' successfully loaded
2020-04-01 13:53:04.794 [TestNG-PoolService-0] DEBUG com.frameworkium.core.common.reporting.allure.AllureLogger - Logged to allure: Page 'com.ten10.example.pages.Generic' successfully loaded
2020-04-01 13:53:06.118 [TestNG-PoolService-0] INFO  com.frameworkium.bdd.TestRunner - PASS  Navigate to SERVICES and verify title is Software Testing Services
2020-04-01 13:53:06.127 [TestNG-PoolService-0] INFO  com.frameworkium.bdd.TestRunner - START Navigate to SERVICES and verify title is The Application Process - Apply Today
2020-04-01 13:53:06.129 [TestNG-PoolService-0] DEBUG com.frameworkium.core.ui.driver.AbstractDriver - Browser Capabilities: Capabilities {browserName: chrome, chrome.prefs: {profile.password_manager_enabled: false}, chrome.switches: [--no-default-browser-check]}
2020-04-01 13:53:17.147 [TestNG-PoolService-0] DEBUG com.frameworkium.core.common.reporting.allure.AllureLogger - Logged to allure: Page 'com.ten10.example.pages.Homepage' successfully loaded
2020-04-01 13:53:20.105 [TestNG-PoolService-0] DEBUG com.frameworkium.core.common.reporting.allure.AllureLogger - Logged to allure: Page 'com.ten10.example.pages.Generic' successfully loaded
2020-04-01 13:53:20.687 [TestNG-PoolService-0] INFO  com.frameworkium.bdd.BDDScreenShotListener - Written screenshot to C:\Users\Rhonwen.Evans\MyProject\target\screenshots\1585745600115_Navigate to SERVICES and verify title is The Application Process - Apply Today.png
2020-04-01 13:53:21.840 [TestNG-PoolService-0] WARN  com.frameworkium.bdd.TestRunner - SKIP  Navigate to SERVICES and verify title is The Application Process - Apply Today
2020-04-01 13:53:21.850 [TestNG-PoolService-0] INFO  com.frameworkium.bdd.TestRunner - START Navigate to SERVICES and verify title is The Application Process - Apply Today
2020-04-01 13:53:21.852 [TestNG-PoolService-0] DEBUG com.frameworkium.core.ui.driver.AbstractDriver - Browser Capabilities: Capabilities {browserName: chrome, chrome.prefs: {profile.password_manager_enabled: false}, chrome.switches: [--no-default-browser-check]}
2020-04-01 13:53:31.982 [TestNG-PoolService-0] DEBUG com.frameworkium.core.common.reporting.allure.AllureLogger - Logged to allure: Page 'com.ten10.example.pages.Homepage' successfully loaded
2020-04-01 13:53:35.849 [TestNG-PoolService-0] DEBUG com.frameworkium.core.common.reporting.allure.AllureLogger - Logged to allure: Page 'com.ten10.example.pages.Generic' successfully loaded
2020-04-01 13:53:36.539 [TestNG-PoolService-0] INFO  com.frameworkium.bdd.BDDScreenShotListener - Written screenshot to C:\Users\Rhonwen.Evans\MyProject\target\screenshots\1585745615868_Navigate to SERVICES and verify title is The Application Process - Apply Today.png
2020-04-01 13:53:37.886 [TestNG-PoolService-0] ERROR com.frameworkium.bdd.TestRunner - FAIL  Navigate to SERVICES and verify title is The Application Process - Apply Today
2020-04-01 13:58:06.702 [TestNG-PoolService-2] INFO  com.frameworkium.bdd.TestRunner - START Navigate to SERVICES and verify title is The Application Process - Apply Today
2020-04-01 13:58:06.701 [TestNG-PoolService-1] INFO  com.frameworkium.bdd.TestRunner - START Navigate to SERVICES and verify title is Software Testing Services
2020-04-01 13:58:06.701 [TestNG-PoolService-0] INFO  com.frameworkium.bdd.TestRunner - START Navigate to JOIN and verify title is The Application Process - Apply Today
2020-04-01 13:58:06.969 [TestNG-PoolService-1] DEBUG com.frameworkium.core.ui.driver.AbstractDriver - Browser Capabilities: Capabilities {acceptInsecureCerts: true, browserName: firefox}
2020-04-01 13:58:06.969 [TestNG-PoolService-0] DEBUG com.frameworkium.core.ui.driver.AbstractDriver - Browser Capabilities: Capabilities {acceptInsecureCerts: true, browserName: firefox}
2020-04-01 13:58:06.972 [TestNG-PoolService-2] DEBUG com.frameworkium.core.ui.driver.AbstractDriver - Browser Capabilities: Capabilities {acceptInsecureCerts: true, browserName: firefox}
2020-04-01 14:03:24.622 [TestNG-PoolService-1] INFO  com.frameworkium.bdd.TestRunner - START Navigate to SERVICES and verify title is Software Testing Services
2020-04-01 14:03:24.622 [TestNG-PoolService-0] INFO  com.frameworkium.bdd.TestRunner - START Navigate to JOIN and verify title is The Application Process - Apply Today
2020-04-01 14:03:24.620 [TestNG-PoolService-2] INFO  com.frameworkium.bdd.TestRunner - START Navigate to SERVICES and verify title is The Application Process - Apply Today
2020-04-01 14:03:24.883 [TestNG-PoolService-0] DEBUG com.frameworkium.core.ui.driver.AbstractDriver - Browser Capabilities: Capabilities {acceptInsecureCerts: true, browserName: firefox}
2020-04-01 14:03:24.883 [TestNG-PoolService-2] DEBUG com.frameworkium.core.ui.driver.AbstractDriver - Browser Capabilities: Capabilities {acceptInsecureCerts: true, browserName: firefox}
2020-04-01 14:03:24.883 [TestNG-PoolService-1] DEBUG com.frameworkium.core.ui.driver.AbstractDriver - Browser Capabilities: Capabilities {acceptInsecureCerts: true, browserName: firefox}
2020-04-01 14:04:18.923 [TestNG-PoolService-0] INFO  com.frameworkium.bdd.BDDScreenShotListener - Written screenshot to C:\Users\Rhonwen.Evans\MyProject\target\screenshots\1585746257688_Navigate to JOIN and verify title is The Application Process - Apply Today.png
2020-04-01 14:04:18.925 [TestNG-PoolService-1] INFO  com.frameworkium.bdd.BDDScreenShotListener - Written screenshot to C:\Users\Rhonwen.Evans\MyProject\target\screenshots\1585746257688_Navigate to SERVICES and verify title is Software Testing Services.png
2020-04-01 14:04:18.927 [TestNG-PoolService-2] INFO  com.frameworkium.bdd.BDDScreenShotListener - Written screenshot to C:\Users\Rhonwen.Evans\MyProject\target\screenshots\1585746257688_Navigate to SERVICES and verify title is The Application Process - Apply Today.png
2020-04-01 14:04:54.528 [TestNG-PoolService-2] INFO  com.frameworkium.bdd.TestRunner - START Navigate to SERVICES and verify title is The Application Process - Apply Today
2020-04-01 14:04:54.529 [TestNG-PoolService-1] INFO  com.frameworkium.bdd.TestRunner - START Navigate to SERVICES and verify title is Software Testing Services
2020-04-01 14:04:54.528 [TestNG-PoolService-0] INFO  com.frameworkium.bdd.TestRunner - START Navigate to JOIN and verify title is The Application Process - Apply Today
2020-04-01 14:04:54.736 [TestNG-PoolService-2] DEBUG com.frameworkium.core.ui.driver.AbstractDriver - Browser Capabilities: Capabilities {acceptInsecureCerts: true, browserName: firefox}
2020-04-01 14:04:54.736 [TestNG-PoolService-0] DEBUG com.frameworkium.core.ui.driver.AbstractDriver - Browser Capabilities: Capabilities {acceptInsecureCerts: true, browserName: firefox}
2020-04-01 14:04:54.736 [TestNG-PoolService-1] DEBUG com.frameworkium.core.ui.driver.AbstractDriver - Browser Capabilities: Capabilities {acceptInsecureCerts: true, browserName: firefox}
2020-04-01 14:05:15.858 [TestNG-PoolService-2] INFO  com.frameworkium.bdd.BDDScreenShotListener - Written screenshot to C:\Users\Rhonwen.Evans\MyProject\target\screenshots\1585746315392_Navigate to SERVICES and verify title is The Application Process - Apply Today.png
2020-04-01 14:05:15.913 [TestNG-PoolService-0] INFO  com.frameworkium.bdd.BDDScreenShotListener - Written screenshot to C:\Users\Rhonwen.Evans\MyProject\target\screenshots\1585746315392_Navigate to JOIN and verify title is The Application Process - Apply Today.png
2020-04-01 14:05:15.914 [TestNG-PoolService-1] INFO  com.frameworkium.bdd.BDDScreenShotListener - Written screenshot to C:\Users\Rhonwen.Evans\MyProject\target\screenshots\1585746315392_Navigate to SERVICES and verify title is Software Testing Services.png
2020-04-01 15:37:11.499 [TestNG-PoolService-0] INFO  com.frameworkium.bdd.TestRunner - START Navigate to JOIN and verify title is The Application Process - Apply Today
2020-04-01 15:37:11.915 [TestNG-PoolService-0] DEBUG com.frameworkium.core.ui.driver.AbstractDriver - Browser Capabilities: Capabilities {browserName: chrome, chrome.prefs: {profile.password_manager_enabled: false}, chrome.switches: [--no-default-browser-check]}
2020-04-01 15:37:34.037 [TestNG-PoolService-0] DEBUG com.frameworkium.core.common.reporting.allure.AllureLogger - Logged to allure: Page 'com.ten10.example.pages.Homepage' successfully loaded
2020-04-01 15:37:36.771 [TestNG-PoolService-0] DEBUG com.frameworkium.core.common.reporting.allure.AllureLogger - Logged to allure: Page 'com.ten10.example.pages.Generic' successfully loaded
2020-04-01 15:37:37.580 [TestNG-PoolService-0] INFO  com.frameworkium.bdd.BDDScreenShotListener - Written screenshot to C:\Users\Rhonwen.Evans\MyProject\target\screenshots\1585751856794_Navigate to JOIN and verify title is The Application Process - Apply Today.png
2020-04-01 15:37:38.560 [TestNG-PoolService-0] WARN  com.frameworkium.bdd.TestRunner - SKIP  Navigate to JOIN and verify title is The Application Process - Apply Today
2020-04-01 15:37:38.578 [TestNG-PoolService-0] INFO  com.frameworkium.bdd.TestRunner - START Navigate to JOIN and verify title is The Application Process - Apply Today
2020-04-01 15:37:38.579 [TestNG-PoolService-0] DEBUG com.frameworkium.core.ui.driver.AbstractDriver - Browser Capabilities: Capabilities {browserName: chrome, chrome.prefs: {profile.password_manager_enabled: false}, chrome.switches: [--no-default-browser-check]}
2020-04-01 15:37:47.433 [TestNG-PoolService-0] DEBUG com.frameworkium.core.common.reporting.allure.AllureLogger - Logged to allure: Page 'com.ten10.example.pages.Homepage' successfully loaded
2020-04-01 15:37:48.719 [TestNG-PoolService-0] DEBUG com.frameworkium.core.common.reporting.allure.AllureLogger - Logged to allure: Page 'com.ten10.example.pages.Generic' successfully loaded
2020-04-01 15:37:49.341 [TestNG-PoolService-0] INFO  com.frameworkium.bdd.BDDScreenShotListener - Written screenshot to C:\Users\Rhonwen.Evans\MyProject\target\screenshots\1585751868729_Navigate to JOIN and verify title is The Application Process - Apply Today.png
2020-04-01 15:37:50.129 [TestNG-PoolService-0] ERROR com.frameworkium.bdd.TestRunner - FAIL  Navigate to JOIN and verify title is The Application Process - Apply Today
2020-04-01 15:37:50.154 [TestNG-PoolService-0] INFO  com.frameworkium.bdd.TestRunner - START Navigate to SERVICES and verify title is Software Testing Services
2020-04-01 15:37:50.156 [TestNG-PoolService-0] DEBUG com.frameworkium.core.ui.driver.AbstractDriver - Browser Capabilities: Capabilities {browserName: chrome, chrome.prefs: {profile.password_manager_enabled: false}, chrome.switches: [--no-default-browser-check]}
2020-04-01 15:37:59.265 [TestNG-PoolService-0] DEBUG com.frameworkium.core.common.reporting.allure.AllureLogger - Logged to allure: Page 'com.ten10.example.pages.Homepage' successfully loaded
2020-04-01 15:38:00.461 [TestNG-PoolService-0] DEBUG com.frameworkium.core.common.reporting.allure.AllureLogger - Logged to allure: Page 'com.ten10.example.pages.Generic' successfully loaded
2020-04-01 15:38:01.243 [TestNG-PoolService-0] INFO  com.frameworkium.bdd.TestRunner - PASS  Navigate to SERVICES and verify title is Software Testing Services
2020-04-01 15:38:01.253 [TestNG-PoolService-0] INFO  com.frameworkium.bdd.TestRunner - START Navigate to SERVICES and verify title is The Application Process - Apply Today
2020-04-01 15:38:01.255 [TestNG-PoolService-0] DEBUG com.frameworkium.core.ui.driver.AbstractDriver - Browser Capabilities: Capabilities {browserName: chrome, chrome.prefs: {profile.password_manager_enabled: false}, chrome.switches: [--no-default-browser-check]}
2020-04-01 15:38:09.590 [TestNG-PoolService-0] DEBUG com.frameworkium.core.common.reporting.allure.AllureLogger - Logged to allure: Page 'com.ten10.example.pages.Homepage' successfully loaded
2020-04-01 15:38:10.998 [TestNG-PoolService-0] DEBUG com.frameworkium.core.common.reporting.allure.AllureLogger - Logged to allure: Page 'com.ten10.example.pages.Generic' successfully loaded
2020-04-01 15:38:11.538 [TestNG-PoolService-0] INFO  com.frameworkium.bdd.BDDScreenShotListener - Written screenshot to C:\Users\Rhonwen.Evans\MyProject\target\screenshots\1585751891007_Navigate to SERVICES and verify title is The Application Process - Apply Today.png
2020-04-01 15:38:12.439 [TestNG-PoolService-0] WARN  com.frameworkium.bdd.TestRunner - SKIP  Navigate to SERVICES and verify title is The Application Process - Apply Today
2020-04-01 15:38:12.447 [TestNG-PoolService-0] INFO  com.frameworkium.bdd.TestRunner - START Navigate to SERVICES and verify title is The Application Process - Apply Today
2020-04-01 15:38:12.448 [TestNG-PoolService-0] DEBUG com.frameworkium.core.ui.driver.AbstractDriver - Browser Capabilities: Capabilities {browserName: chrome, chrome.prefs: {profile.password_manager_enabled: false}, chrome.switches: [--no-default-browser-check]}
2020-04-01 15:38:20.820 [TestNG-PoolService-0] DEBUG com.frameworkium.core.common.reporting.allure.AllureLogger - Logged to allure: Page 'com.ten10.example.pages.Homepage' successfully loaded
2020-04-01 15:38:22.578 [TestNG-PoolService-0] DEBUG com.frameworkium.core.common.reporting.allure.AllureLogger - Logged to allure: Page 'com.ten10.example.pages.Generic' successfully loaded
2020-04-01 15:38:23.146 [TestNG-PoolService-0] INFO  com.frameworkium.bdd.BDDScreenShotListener - Written screenshot to C:\Users\Rhonwen.Evans\MyProject\target\screenshots\1585751902586_Navigate to SERVICES and verify title is The Application Process - Apply Today.png
2020-04-01 15:38:24.473 [TestNG-PoolService-0] ERROR com.frameworkium.bdd.TestRunner - FAIL  Navigate to SERVICES and verify title is The Application Process - Apply Today
